Single-product inventory system

Initial inventory level                      60 items

Number of demand sizes                        4

Distribution function of demand sizes    0.167   0.500   0.833   1.000

Mean interdemand time                      0.10

Delivery lag range                         0.50 to      1.00 months

Length of the simulation                    120 months

K =  32.0 i =   3.0 h =   1.0 pi =   5.0

Number of policies                            9

 Average Average Average Average
 Policy total cost ordering cost holding cost shortage cost

( 20, 40)        7515.03           0.00           0.59        7514.43

( 20, 60)        7235.38           0.00           0.60        7234.78

( 20, 80)        7509.37           0.00           0.73        7508.63

( 20,100)        6993.65           0.00           0.67        6992.97

( 40, 60)        7350.02           0.00           0.90        7349.12

( 40, 80)        7008.98           0.00           0.99        7007.99

( 40,100)        7039.73           0.00           0.73        7039.00

( 60, 80)        7180.19           0.00           0.85        7179.33

( 60,100)        7639.93           0.00           0.53        7639.40